

Started GET "/" for 127.0.0.1 at 2014-10-28 20:38:19 +0800

ActionController::RoutingError - uninitialized constant WelcomeController:
  actionpack (4.1.6) lib/action_dispatch/routing/route_set.rb:71:in `rescue in controller'
  actionpack (4.1.6) lib/action_dispatch/routing/route_set.rb:66:in `controller'
  actionpack (4.1.6) lib/action_dispatch/routing/route_set.rb:46:in `call'
  actionpack (4.1.6) lib/action_dispatch/journey/router.rb:73:in `block in call'
  actionpack (4.1.6) lib/action_dispatch/journey/router.rb:59:in `call'
  actionpack (4.1.6) lib/action_dispatch/routing/route_set.rb:678:in `call'
  meta_request (0.3.4) lib/meta_request/middlewares/app_request_handler.rb:13:in `call'
  meta_request (0.3.4) lib/meta_request/middlewares/meta_request_handler.rb:13:in `call'
  rack (1.5.2) lib/rack/etag.rb:23:in `call'
  rack (1.5.2) lib/rack/conditionalget.rb:25:in `call'
  rack (1.5.2) lib/rack/head.rb:11:in `call'
  actionpack (4.1.6) lib/action_dispatch/middleware/params_parser.rb:27:in `call'
  actionpack (4.1.6) lib/action_dispatch/middleware/flash.rb:254:in `call'
  rack (1.5.2) lib/rack/session/abstract/id.rb:225:in `context'
  rack (1.5.2) lib/rack/session/abstract/id.rb:220:in `call'
  actionpack (4.1.6) lib/action_dispatch/middleware/cookies.rb:560:in `call'
  activerecord (4.1.6) lib/active_record/query_cache.rb:36:in `call'
  activerecord (4.1.6) lib/active_record/connection_adapters/abstract/connection_pool.rb:621:in `call'
  activerecord (4.1.6) lib/active_record/migration.rb:380:in `call'
  actionpack (4.1.6) lib/action_dispatch/middleware/callbacks.rb:29:in `block in call'
  activesupport (4.1.6) lib/active_support/callbacks.rb:82:in `run_callbacks'
  actionpack (4.1.6) lib/action_dispatch/middleware/callbacks.rb:27:in `call'
  actionpack (4.1.6) lib/action_dispatch/middleware/reloader.rb:73:in `call'
  actionpack (4.1.6) lib/action_dispatch/middleware/remote_ip.rb:76:in `call'
  better_errors (2.0.0) lib/better_errors/middleware.rb:84:in `protected_app_call'
  better_errors (2.0.0) lib/better_errors/middleware.rb:79:in `better_errors_call'
  better_errors (2.0.0) lib/better_errors/middleware.rb:57:in `call'
  rack-contrib (1.1.0) lib/rack/contrib/response_headers.rb:17:in `call'
  meta_request (0.3.4) lib/meta_request/middlewares/headers.rb:16:in `call'
  actionpack (4.1.6) lib/action_dispatch/middleware/debug_exceptions.rb:17:in `call'
  actionpack (4.1.6) lib/action_dispatch/middleware/show_exceptions.rb:30:in `call'
  railties (4.1.6) lib/rails/rack/logger.rb:38:in `call_app'
  railties (4.1.6) lib/rails/rack/logger.rb:20:in `block in call'
  activesupport (4.1.6) lib/active_support/tagged_logging.rb:68:in `block in tagged'
  activesupport (4.1.6) lib/active_support/tagged_logging.rb:26:in `tagged'
  activesupport (4.1.6) lib/active_support/tagged_logging.rb:68:in `tagged'
  railties (4.1.6) lib/rails/rack/logger.rb:20:in `call'
  actionpack (4.1.6) lib/action_dispatch/middleware/request_id.rb:21:in `call'
  rack (1.5.2) lib/rack/methodoverride.rb:21:in `call'
  rack (1.5.2) lib/rack/runtime.rb:17:in `call'
  activesupport (4.1.6) lib/active_support/cache/strategy/local_cache_middleware.rb:26:in `call'
  rack (1.5.2) lib/rack/lock.rb:17:in `call'
  actionpack (4.1.6) lib/action_dispatch/middleware/static.rb:64:in `call'
  rack (1.5.2) lib/rack/sendfile.rb:112:in `call'
  railties (4.1.6) lib/rails/engine.rb:514:in `call'
  railties (4.1.6) lib/rails/application.rb:144:in `call'
  rack (1.5.2) lib/rack/lock.rb:17:in `call'
  rack (1.5.2) lib/rack/content_length.rb:14:in `call'
  rack (1.5.2) lib/rack/handler/webrick.rb:60:in `service'
  /Users/nate/.rvm/rubies/ruby-2.1.2/lib/ruby/2.1.0/webrick/httpserver.rb:138:in `service'
  /Users/nate/.rvm/rubies/ruby-2.1.2/lib/ruby/2.1.0/webrick/httpserver.rb:94:in `run'
  /Users/nate/.rvm/rubies/ruby-2.1.2/lib/ruby/2.1.0/webrick/server.rb:295:in `block in start_thread'



Started POST "/__better_errors/ef42b359025f4531/variables" for 127.0.0.1 at 2014-10-28 20:38:20 +0800


Started GET "/" for 127.0.0.1 at 2014-10-28 20:43:15 +0800
Processing by WelcomeController#index as HTML
Completed 500  in 19ms

ActionView::MissingTemplate - Missing template welcome/index, application/index with {:locale=>[:en], :formats=>[:html], :variants=>[], :handlers=>[:erb, :builder, :raw, :ruby, :coffee, :jbuilder]}. Searched in:
  * "/Users/nate/Google Drive/WDI/hk-gymfinder/app/views"
  * "/Users/nate/.rvm/gems/ruby-2.1.2/gems/twitter-bootstrap-rails-3.2.0/app/views"
:
  actionview (4.1.6) lib/action_view/path_set.rb:46:in `find'
  actionview (4.1.6) lib/action_view/lookup_context.rb:124:in `find'
  actionview (4.1.6) lib/action_view/renderer/abstract_renderer.rb:18:in `find_template'
  actionview (4.1.6) lib/action_view/renderer/template_renderer.rb:41:in `determine_template'
  actionview (4.1.6) lib/action_view/renderer/template_renderer.rb:8:in `render'
  actionview (4.1.6) lib/action_view/renderer/renderer.rb:42:in `render_template'
  actionview (4.1.6) lib/action_view/renderer/renderer.rb:23:in `render'
  actionview (4.1.6) lib/action_view/rendering.rb:99:in `_render_template'
  actionpack (4.1.6) lib/action_controller/metal/streaming.rb:217:in `_render_template'
  actionview (4.1.6) lib/action_view/rendering.rb:82:in `render_to_body'
  actionpack (4.1.6) lib/action_controller/metal/rendering.rb:32:in `render_to_body'
  actionpack (4.1.6) lib/action_controller/metal/renderers.rb:32:in `render_to_body'
  actionpack (4.1.6) lib/abstract_controller/rendering.rb:25:in `render'
  actionpack (4.1.6) lib/action_controller/metal/rendering.rb:16:in `render'
  actionpack (4.1.6) lib/action_controller/metal/instrumentation.rb:41:in `block (2 levels) in render'
  activesupport (4.1.6) lib/active_support/core_ext/benchmark.rb:12:in `block in ms'
  /Users/nate/.rvm/rubies/ruby-2.1.2/lib/ruby/2.1.0/benchmark.rb:294:in `realtime'
  activesupport (4.1.6) lib/active_support/core_ext/benchmark.rb:12:in `ms'
  actionpack (4.1.6) lib/action_controller/metal/instrumentation.rb:41:in `block in render'
  actionpack (4.1.6) lib/action_controller/metal/instrumentation.rb:84:in `cleanup_view_runtime'
  activerecord (4.1.6) lib/active_record/railties/controller_runtime.rb:25:in `cleanup_view_runtime'
  actionpack (4.1.6) lib/action_controller/metal/instrumentation.rb:40:in `render'
  actionpack (4.1.6) lib/action_controller/metal/implicit_render.rb:10:in `default_render'
  actionpack (4.1.6) lib/action_controller/metal/implicit_render.rb:5:in `send_action'
  actionpack (4.1.6) lib/abstract_controller/base.rb:189:in `process_action'
  actionpack (4.1.6) lib/action_controller/metal/rendering.rb:10:in `process_action'
  actionpack (4.1.6) lib/abstract_controller/callbacks.rb:20:in `block in process_action'
  activesupport (4.1.6) lib/active_support/callbacks.rb:113:in `call'
  activesupport (4.1.6) lib/active_support/callbacks.rb:229:in `block in halting'
  activesupport (4.1.6) lib/active_support/callbacks.rb:229:in `block in halting'
  activesupport (4.1.6) lib/active_support/callbacks.rb:166:in `block in halting'
  activesupport (4.1.6) lib/active_support/callbacks.rb:166:in `block in halting'
  activesupport (4.1.6) lib/active_support/callbacks.rb:166:in `block in halting'
  activesupport (4.1.6) lib/active_support/callbacks.rb:86:in `run_callbacks'
  actionpack (4.1.6) lib/abstract_controller/callbacks.rb:19:in `process_action'
  actionpack (4.1.6) lib/action_controller/metal/rescue.rb:29:in `process_action'
  actionpack (4.1.6) lib/action_controller/metal/instrumentation.rb:31:in `block in process_action'
  activesupport (4.1.6) lib/active_support/notifications.rb:159:in `block in instrument'
  activesupport (4.1.6) lib/active_support/notifications/instrumenter.rb:20:in `instrument'
  activesupport (4.1.6) lib/active_support/notifications.rb:159:in `instrument'
  actionpack (4.1.6) lib/action_controller/metal/instrumentation.rb:30:in `process_action'
  actionpack (4.1.6) lib/action_controller/metal/params_wrapper.rb:250:in `process_action'
  activerecord (4.1.6) lib/active_record/railties/controller_runtime.rb:18:in `process_action'
  actionpack (4.1.6) lib/abstract_controller/base.rb:136:in `process'
  actionview (4.1.6) lib/action_view/rendering.rb:30:in `process'
  actionpack (4.1.6) lib/action_controller/metal.rb:196:in `dispatch'
  actionpack (4.1.6) lib/action_controller/metal/rack_delegation.rb:13:in `dispatch'
  actionpack (4.1.6) lib/action_controller/metal.rb:232:in `block in action'
  actionpack (4.1.6) lib/action_dispatch/routing/route_set.rb:82:in `dispatch'
  actionpack (4.1.6) lib/action_dispatch/routing/route_set.rb:50:in `call'
  actionpack (4.1.6) lib/action_dispatch/journey/router.rb:73:in `block in call'
  actionpack (4.1.6) lib/action_dispatch/journey/router.rb:59:in `call'
  actionpack (4.1.6) lib/action_dispatch/routing/route_set.rb:678:in `call'
  meta_request (0.3.4) lib/meta_request/middlewares/app_request_handler.rb:13:in `call'
  meta_request (0.3.4) lib/meta_request/middlewares/meta_request_handler.rb:13:in `call'
  rack (1.5.2) lib/rack/etag.rb:23:in `call'
  rack (1.5.2) lib/rack/conditionalget.rb:25:in `call'
  rack (1.5.2) lib/rack/head.rb:11:in `call'
  actionpack (4.1.6) lib/action_dispatch/middleware/params_parser.rb:27:in `call'
  actionpack (4.1.6) lib/action_dispatch/middleware/flash.rb:254:in `call'
  rack (1.5.2) lib/rack/session/abstract/id.rb:225:in `context'
  rack (1.5.2) lib/rack/session/abstract/id.rb:220:in `call'
  actionpack (4.1.6) lib/action_dispatch/middleware/cookies.rb:560:in `call'
  activerecord (4.1.6) lib/active_record/query_cache.rb:36:in `call'
  activerecord (4.1.6) lib/active_record/connection_adapters/abstract/connection_pool.rb:621:in `call'
  activerecord (4.1.6) lib/active_record/migration.rb:380:in `call'
  actionpack (4.1.6) lib/action_dispatch/middleware/callbacks.rb:29:in `block in call'
  activesupport (4.1.6) lib/active_support/callbacks.rb:82:in `run_callbacks'
  actionpack (4.1.6) lib/action_dispatch/middleware/callbacks.rb:27:in `call'
  actionpack (4.1.6) lib/action_dispatch/middleware/reloader.rb:73:in `call'
  actionpack (4.1.6) lib/action_dispatch/middleware/remote_ip.rb:76:in `call'
  better_errors (2.0.0) lib/better_errors/middleware.rb:84:in `protected_app_call'
  better_errors (2.0.0) lib/better_errors/middleware.rb:79:in `better_errors_call'
  better_errors (2.0.0) lib/better_errors/middleware.rb:57:in `call'
  rack-contrib (1.1.0) lib/rack/contrib/response_headers.rb:17:in `call'
  meta_request (0.3.4) lib/meta_request/middlewares/headers.rb:16:in `call'
  actionpack (4.1.6) lib/action_dispatch/middleware/debug_exceptions.rb:17:in `call'
  actionpack (4.1.6) lib/action_dispatch/middleware/show_exceptions.rb:30:in `call'
  railties (4.1.6) lib/rails/rack/logger.rb:38:in `call_app'
  railties (4.1.6) lib/rails/rack/logger.rb:20:in `block in call'
  activesupport (4.1.6) lib/active_support/tagged_logging.rb:68:in `block in tagged'
  activesupport (4.1.6) lib/active_support/tagged_logging.rb:26:in `tagged'
  activesupport (4.1.6) lib/active_support/tagged_logging.rb:68:in `tagged'
  railties (4.1.6) lib/rails/rack/logger.rb:20:in `call'
  actionpack (4.1.6) lib/action_dispatch/middleware/request_id.rb:21:in `call'
  rack (1.5.2) lib/rack/methodoverride.rb:21:in `call'
  rack (1.5.2) lib/rack/runtime.rb:17:in `call'
  activesupport (4.1.6) lib/active_support/cache/strategy/local_cache_middleware.rb:26:in `call'
  rack (1.5.2) lib/rack/lock.rb:17:in `call'
  actionpack (4.1.6) lib/action_dispatch/middleware/static.rb:64:in `call'
  rack (1.5.2) lib/rack/sendfile.rb:112:in `call'
  railties (4.1.6) lib/rails/engine.rb:514:in `call'
  railties (4.1.6) lib/rails/application.rb:144:in `call'
  rack (1.5.2) lib/rack/lock.rb:17:in `call'
  rack (1.5.2) lib/rack/content_length.rb:14:in `call'
  rack (1.5.2) lib/rack/handler/webrick.rb:60:in `service'
  /Users/nate/.rvm/rubies/ruby-2.1.2/lib/ruby/2.1.0/webrick/httpserver.rb:138:in `service'
  /Users/nate/.rvm/rubies/ruby-2.1.2/lib/ruby/2.1.0/webrick/httpserver.rb:94:in `run'
  /Users/nate/.rvm/rubies/ruby-2.1.2/lib/ruby/2.1.0/webrick/server.rb:295:in `block in start_thread'



Started POST "/__better_errors/1253f4a3a2898a5d/variables" for 127.0.0.1 at 2014-10-28 20:43:15 +0800


Started GET "/" for 127.0.0.1 at 2014-10-28 20:43:16 +0800
Processing by WelcomeController#index as HTML
Completed 500  in 3ms

ActionView::MissingTemplate - Missing template welcome/index, application/index with {:locale=>[:en], :formats=>[:html], :variants=>[], :handlers=>[:erb, :builder, :raw, :ruby, :coffee, :jbuilder]}. Searched in:
  * "/Users/nate/Google Drive/WDI/hk-gymfinder/app/views"
  * "/Users/nate/.rvm/gems/ruby-2.1.2/gems/twitter-bootstrap-rails-3.2.0/app/views"
:
  actionview (4.1.6) lib/action_view/path_set.rb:46:in `find'
  actionview (4.1.6) lib/action_view/lookup_context.rb:124:in `find'
  actionview (4.1.6) lib/action_view/renderer/abstract_renderer.rb:18:in `find_template'
  actionview (4.1.6) lib/action_view/renderer/template_renderer.rb:41:in `determine_template'
  actionview (4.1.6) lib/action_view/renderer/template_renderer.rb:8:in `render'
  actionview (4.1.6) lib/action_view/renderer/renderer.rb:42:in `render_template'
  actionview (4.1.6) lib/action_view/renderer/renderer.rb:23:in `render'
  actionview (4.1.6) lib/action_view/rendering.rb:99:in `_render_template'
  actionpack (4.1.6) lib/action_controller/metal/streaming.rb:217:in `_render_template'
  actionview (4.1.6) lib/action_view/rendering.rb:82:in `render_to_body'
  actionpack (4.1.6) lib/action_controller/metal/rendering.rb:32:in `render_to_body'
  actionpack (4.1.6) lib/action_controller/metal/renderers.rb:32:in `render_to_body'
  actionpack (4.1.6) lib/abstract_controller/rendering.rb:25:in `render'
  actionpack (4.1.6) lib/action_controller/metal/rendering.rb:16:in `render'
  actionpack (4.1.6) lib/action_controller/metal/instrumentation.rb:41:in `block (2 levels) in render'
  activesupport (4.1.6) lib/active_support/core_ext/benchmark.rb:12:in `block in ms'
  /Users/nate/.rvm/rubies/ruby-2.1.2/lib/ruby/2.1.0/benchmark.rb:294:in `realtime'
  activesupport (4.1.6) lib/active_support/core_ext/benchmark.rb:12:in `ms'
  actionpack (4.1.6) lib/action_controller/metal/instrumentation.rb:41:in `block in render'
  actionpack (4.1.6) lib/action_controller/metal/instrumentation.rb:84:in `cleanup_view_runtime'
  activerecord (4.1.6) lib/active_record/railties/controller_runtime.rb:25:in `cleanup_view_runtime'
  actionpack (4.1.6) lib/action_controller/metal/instrumentation.rb:40:in `render'
  actionpack (4.1.6) lib/action_controller/metal/implicit_render.rb:10:in `default_render'
  actionpack (4.1.6) lib/action_controller/metal/implicit_render.rb:5:in `send_action'
  actionpack (4.1.6) lib/abstract_controller/base.rb:189:in `process_action'
  actionpack (4.1.6) lib/action_controller/metal/rendering.rb:10:in `process_action'
  actionpack (4.1.6) lib/abstract_controller/callbacks.rb:20:in `block in process_action'
  activesupport (4.1.6) lib/active_support/callbacks.rb:113:in `call'
  activesupport (4.1.6) lib/active_support/callbacks.rb:229:in `block in halting'
  activesupport (4.1.6) lib/active_support/callbacks.rb:229:in `block in halting'
  activesupport (4.1.6) lib/active_support/callbacks.rb:166:in `block in halting'
  activesupport (4.1.6) lib/active_support/callbacks.rb:166:in `block in halting'
  activesupport (4.1.6) lib/active_support/callbacks.rb:166:in `block in halting'
  activesupport (4.1.6) lib/active_support/callbacks.rb:86:in `run_callbacks'
  actionpack (4.1.6) lib/abstract_controller/callbacks.rb:19:in `process_action'
  actionpack (4.1.6) lib/action_controller/metal/rescue.rb:29:in `process_action'
  actionpack (4.1.6) lib/action_controller/metal/instrumentation.rb:31:in `block in process_action'
  activesupport (4.1.6) lib/active_support/notifications.rb:159:in `block in instrument'
  activesupport (4.1.6) lib/active_support/notifications/instrumenter.rb:20:in `instrument'
  activesupport (4.1.6) lib/active_support/notifications.rb:159:in `instrument'
  actionpack (4.1.6) lib/action_controller/metal/instrumentation.rb:30:in `process_action'
  actionpack (4.1.6) lib/action_controller/metal/params_wrapper.rb:250:in `process_action'
  activerecord (4.1.6) lib/active_record/railties/controller_runtime.rb:18:in `process_action'
  actionpack (4.1.6) lib/abstract_controller/base.rb:136:in `process'
  actionview (4.1.6) lib/action_view/rendering.rb:30:in `process'
  actionpack (4.1.6) lib/action_controller/metal.rb:196:in `dispatch'
  actionpack (4.1.6) lib/action_controller/metal/rack_delegation.rb:13:in `dispatch'
  actionpack (4.1.6) lib/action_controller/metal.rb:232:in `block in action'
  actionpack (4.1.6) lib/action_dispatch/routing/route_set.rb:82:in `dispatch'
  actionpack (4.1.6) lib/action_dispatch/routing/route_set.rb:50:in `call'
  actionpack (4.1.6) lib/action_dispatch/journey/router.rb:73:in `block in call'
  actionpack (4.1.6) lib/action_dispatch/journey/router.rb:59:in `call'
  actionpack (4.1.6) lib/action_dispatch/routing/route_set.rb:678:in `call'
  meta_request (0.3.4) lib/meta_request/middlewares/app_request_handler.rb:13:in `call'
  meta_request (0.3.4) lib/meta_request/middlewares/meta_request_handler.rb:13:in `call'
  rack (1.5.2) lib/rack/etag.rb:23:in `call'
  rack (1.5.2) lib/rack/conditionalget.rb:25:in `call'
  rack (1.5.2) lib/rack/head.rb:11:in `call'
  actionpack (4.1.6) lib/action_dispatch/middleware/params_parser.rb:27:in `call'
  actionpack (4.1.6) lib/action_dispatch/middleware/flash.rb:254:in `call'
  rack (1.5.2) lib/rack/session/abstract/id.rb:225:in `context'
  rack (1.5.2) lib/rack/session/abstract/id.rb:220:in `call'
  actionpack (4.1.6) lib/action_dispatch/middleware/cookies.rb:560:in `call'
  activerecord (4.1.6) lib/active_record/query_cache.rb:36:in `call'
  activerecord (4.1.6) lib/active_record/connection_adapters/abstract/connection_pool.rb:621:in `call'
  activerecord (4.1.6) lib/active_record/migration.rb:380:in `call'
  actionpack (4.1.6) lib/action_dispatch/middleware/callbacks.rb:29:in `block in call'
  activesupport (4.1.6) lib/active_support/callbacks.rb:82:in `run_callbacks'
  actionpack (4.1.6) lib/action_dispatch/middleware/callbacks.rb:27:in `call'
  actionpack (4.1.6) lib/action_dispatch/middleware/reloader.rb:73:in `call'
  actionpack (4.1.6) lib/action_dispatch/middleware/remote_ip.rb:76:in `call'
  better_errors (2.0.0) lib/better_errors/middleware.rb:84:in `protected_app_call'
  better_errors (2.0.0) lib/better_errors/middleware.rb:79:in `better_errors_call'
  better_errors (2.0.0) lib/better_errors/middleware.rb:57:in `call'
  rack-contrib (1.1.0) lib/rack/contrib/response_headers.rb:17:in `call'
  meta_request (0.3.4) lib/meta_request/middlewares/headers.rb:16:in `call'
  actionpack (4.1.6) lib/action_dispatch/middleware/debug_exceptions.rb:17:in `call'
  actionpack (4.1.6) lib/action_dispatch/middleware/show_exceptions.rb:30:in `call'
  railties (4.1.6) lib/rails/rack/logger.rb:38:in `call_app'
  railties (4.1.6) lib/rails/rack/logger.rb:20:in `block in call'
  activesupport (4.1.6) lib/active_support/tagged_logging.rb:68:in `block in tagged'
  activesupport (4.1.6) lib/active_support/tagged_logging.rb:26:in `tagged'
  activesupport (4.1.6) lib/active_support/tagged_logging.rb:68:in `tagged'
  railties (4.1.6) lib/rails/rack/logger.rb:20:in `call'
  actionpack (4.1.6) lib/action_dispatch/middleware/request_id.rb:21:in `call'
  rack (1.5.2) lib/rack/methodoverride.rb:21:in `call'
  rack (1.5.2) lib/rack/runtime.rb:17:in `call'
  activesupport (4.1.6) lib/active_support/cache/strategy/local_cache_middleware.rb:26:in `call'
  rack (1.5.2) lib/rack/lock.rb:17:in `call'
  actionpack (4.1.6) lib/action_dispatch/middleware/static.rb:64:in `call'
  rack (1.5.2) lib/rack/sendfile.rb:112:in `call'
  railties (4.1.6) lib/rails/engine.rb:514:in `call'
  railties (4.1.6) lib/rails/application.rb:144:in `call'
  rack (1.5.2) lib/rack/lock.rb:17:in `call'
  rack (1.5.2) lib/rack/content_length.rb:14:in `call'
  rack (1.5.2) lib/rack/handler/webrick.rb:60:in `service'
  /Users/nate/.rvm/rubies/ruby-2.1.2/lib/ruby/2.1.0/webrick/httpserver.rb:138:in `service'
  /Users/nate/.rvm/rubies/ruby-2.1.2/lib/ruby/2.1.0/webrick/httpserver.rb:94:in `run'
  /Users/nate/.rvm/rubies/ruby-2.1.2/lib/ruby/2.1.0/webrick/server.rb:295:in `block in start_thread'



Started POST "/__better_errors/13fb45e87c7857d7/variables" for 127.0.0.1 at 2014-10-28 20:43:16 +0800


Started GET "/" for 127.0.0.1 at 2014-10-28 20:43:46 +0800
Processing by WelcomeController#index as HTML
  Rendered welcome/index.html.erb within layouts/application (1.6ms)
Completed 200 OK in 1183ms (Views: 1182.6ms | ActiveRecord: 0.0ms)


Started GET "/assets/twitter-bootstrap-static/bootstrap.css?body=1" for 127.0.0.1 at 2014-10-28 20:43:47 +0800


Started GET "/assets/welcome.css?body=1" for 127.0.0.1 at 2014-10-28 20:43:47 +0800


Started GET "/assets/twitter-bootstrap-static/fontawesome.css?body=1" for 127.0.0.1 at 2014-10-28 20:43:47 +0800


Started GET "/assets/bootstrap_and_overrides.css?body=1" for 127.0.0.1 at 2014-10-28 20:43:47 +0800


Started GET "/assets/application.css?body=1" for 127.0.0.1 at 2014-10-28 20:43:47 +0800


Started GET "/assets/jquery.js?body=1" for 127.0.0.1 at 2014-10-28 20:43:47 +0800


Started GET "/assets/twitter/bootstrap/transition.js?body=1" for 127.0.0.1 at 2014-10-28 20:43:47 +0800


Started GET "/assets/twitter/bootstrap/alert.js?body=1" for 127.0.0.1 at 2014-10-28 20:43:47 +0800


Started GET "/assets/twitter/bootstrap/modal.js?body=1" for 127.0.0.1 at 2014-10-28 20:43:47 +0800


Started GET "/assets/jquery_ujs.js?body=1" for 127.0.0.1 at 2014-10-28 20:43:48 +0800


Started GET "/assets/twitter/bootstrap/dropdown.js?body=1" for 127.0.0.1 at 2014-10-28 20:43:48 +0800


Started GET "/assets/twitter/bootstrap/scrollspy.js?body=1" for 127.0.0.1 at 2014-10-28 20:43:48 +0800


Started GET "/assets/twitter/bootstrap/tab.js?body=1" for 127.0.0.1 at 2014-10-28 20:43:48 +0800


Started GET "/assets/twitter/bootstrap/tooltip.js?body=1" for 127.0.0.1 at 2014-10-28 20:43:48 +0800


Started GET "/assets/twitter/bootstrap/popover.js?body=1" for 127.0.0.1 at 2014-10-28 20:43:48 +0800


Started GET "/assets/twitter/bootstrap/affix.js?body=1" for 127.0.0.1 at 2014-10-28 20:43:48 +0800


Started GET "/assets/twitter/bootstrap/collapse.js?body=1" for 127.0.0.1 at 2014-10-28 20:43:48 +0800


Started GET "/assets/twitter/bootstrap/carousel.js?body=1" for 127.0.0.1 at 2014-10-28 20:43:48 +0800


Started GET "/assets/twitter/bootstrap.js?body=1" for 127.0.0.1 at 2014-10-28 20:43:48 +0800


Started GET "/assets/twitter/bootstrap/button.js?body=1" for 127.0.0.1 at 2014-10-28 20:43:48 +0800


Started GET "/assets/bootstrap.js?body=1" for 127.0.0.1 at 2014-10-28 20:43:48 +0800


Started GET "/assets/turbolinks.js?body=1" for 127.0.0.1 at 2014-10-28 20:43:48 +0800


Started GET "/assets/welcome.js?body=1" for 127.0.0.1 at 2014-10-28 20:43:48 +0800


Started GET "/assets/application.js?body=1" for 127.0.0.1 at 2014-10-28 20:43:48 +0800


Started GET "/" for 127.0.0.1 at 2014-10-28 20:51:25 +0800
Processing by WelcomeController#index as HTML
Completed 500  in 2ms

NameError - uninitialized constant WelcomeController::Gym:
  activesupport (4.1.6) lib/active_support/dependencies.rb:519:in `load_missing_constant'
  activesupport (4.1.6) lib/active_support/dependencies.rb:180:in `const_missing'
  app/controllers/welcome_controller.rb:4:in `index'
  actionpack (4.1.6) lib/action_controller/metal/implicit_render.rb:4:in `send_action'
  actionpack (4.1.6) lib/abstract_controller/base.rb:189:in `process_action'
  actionpack (4.1.6) lib/action_controller/metal/rendering.rb:10:in `process_action'
  actionpack (4.1.6) lib/abstract_controller/callbacks.rb:20:in `block in process_action'
  activesupport (4.1.6) lib/active_support/callbacks.rb:113:in `call'
  activesupport (4.1.6) lib/active_support/callbacks.rb:229:in `block in halting'
  activesupport (4.1.6) lib/active_support/callbacks.rb:229:in `block in halting'
  activesupport (4.1.6) lib/active_support/callbacks.rb:166:in `block in halting'
  activesupport (4.1.6) lib/active_support/callbacks.rb:166:in `block in halting'
  activesupport (4.1.6) lib/active_support/callbacks.rb:166:in `block in halting'
  activesupport (4.1.6) lib/active_support/callbacks.rb:86:in `run_callbacks'
  actionpack (4.1.6) lib/abstract_controller/callbacks.rb:19:in `process_action'
  actionpack (4.1.6) lib/action_controller/metal/rescue.rb:29:in `process_action'
  actionpack (4.1.6) lib/action_controller/metal/instrumentation.rb:31:in `block in process_action'
  activesupport (4.1.6) lib/active_support/notifications.rb:159:in `block in instrument'
  activesupport (4.1.6) lib/active_support/notifications/instrumenter.rb:20:in `instrument'
  activesupport (4.1.6) lib/active_support/notifications.rb:159:in `instrument'
  actionpack (4.1.6) lib/action_controller/metal/instrumentation.rb:30:in `process_action'
  actionpack (4.1.6) lib/action_controller/metal/params_wrapper.rb:250:in `process_action'
  activerecord (4.1.6) lib/active_record/railties/controller_runtime.rb:18:in `process_action'
  actionpack (4.1.6) lib/abstract_controller/base.rb:136:in `process'
  actionview (4.1.6) lib/action_view/rendering.rb:30:in `process'
  actionpack (4.1.6) lib/action_controller/metal.rb:196:in `dispatch'
  actionpack (4.1.6) lib/action_controller/metal/rack_delegation.rb:13:in `dispatch'
  actionpack (4.1.6) lib/action_controller/metal.rb:232:in `block in action'
  actionpack (4.1.6) lib/action_dispatch/routing/route_set.rb:82:in `dispatch'
  actionpack (4.1.6) lib/action_dispatch/routing/route_set.rb:50:in `call'
  actionpack (4.1.6) lib/action_dispatch/journey/router.rb:73:in `block in call'
  actionpack (4.1.6) lib/action_dispatch/journey/router.rb:59:in `call'
  actionpack (4.1.6) lib/action_dispatch/routing/route_set.rb:678:in `call'
  meta_request (0.3.4) lib/meta_request/middlewares/app_request_handler.rb:13:in `call'
  meta_request (0.3.4) lib/meta_request/middlewares/meta_request_handler.rb:13:in `call'
  rack (1.5.2) lib/rack/etag.rb:23:in `call'
  rack (1.5.2) lib/rack/conditionalget.rb:25:in `call'
  rack (1.5.2) lib/rack/head.rb:11:in `call'
  actionpack (4.1.6) lib/action_dispatch/middleware/params_parser.rb:27:in `call'
  actionpack (4.1.6) lib/action_dispatch/middleware/flash.rb:254:in `call'
  rack (1.5.2) lib/rack/session/abstract/id.rb:225:in `context'
  rack (1.5.2) lib/rack/session/abstract/id.rb:220:in `call'
  actionpack (4.1.6) lib/action_dispatch/middleware/cookies.rb:560:in `call'
  activerecord (4.1.6) lib/active_record/query_cache.rb:36:in `call'
  activerecord (4.1.6) lib/active_record/connection_adapters/abstract/connection_pool.rb:621:in `call'
  activerecord (4.1.6) lib/active_record/migration.rb:380:in `call'
  actionpack (4.1.6) lib/action_dispatch/middleware/callbacks.rb:29:in `block in call'
  activesupport (4.1.6) lib/active_support/callbacks.rb:82:in `run_callbacks'
  actionpack (4.1.6) lib/action_dispatch/middleware/callbacks.rb:27:in `call'
  actionpack (4.1.6) lib/action_dispatch/middleware/reloader.rb:73:in `call'
  actionpack (4.1.6) lib/action_dispatch/middleware/remote_ip.rb:76:in `call'
  better_errors (2.0.0) lib/better_errors/middleware.rb:84:in `protected_app_call'
  better_errors (2.0.0) lib/better_errors/middleware.rb:79:in `better_errors_call'
  better_errors (2.0.0) lib/better_errors/middleware.rb:57:in `call'
  rack-contrib (1.1.0) lib/rack/contrib/response_headers.rb:17:in `call'
  meta_request (0.3.4) lib/meta_request/middlewares/headers.rb:16:in `call'
  actionpack (4.1.6) lib/action_dispatch/middleware/debug_exceptions.rb:17:in `call'
  actionpack (4.1.6) lib/action_dispatch/middleware/show_exceptions.rb:30:in `call'
  railties (4.1.6) lib/rails/rack/logger.rb:38:in `call_app'
  railties (4.1.6) lib/rails/rack/logger.rb:20:in `block in call'
  activesupport (4.1.6) lib/active_support/tagged_logging.rb:68:in `block in tagged'
  activesupport (4.1.6) lib/active_support/tagged_logging.rb:26:in `tagged'
  activesupport (4.1.6) lib/active_support/tagged_logging.rb:68:in `tagged'
  railties (4.1.6) lib/rails/rack/logger.rb:20:in `call'
  actionpack (4.1.6) lib/action_dispatch/middleware/request_id.rb:21:in `call'
  rack (1.5.2) lib/rack/methodoverride.rb:21:in `call'
  rack (1.5.2) lib/rack/runtime.rb:17:in `call'
  activesupport (4.1.6) lib/active_support/cache/strategy/local_cache_middleware.rb:26:in `call'
  rack (1.5.2) lib/rack/lock.rb:17:in `call'
  actionpack (4.1.6) lib/action_dispatch/middleware/static.rb:64:in `call'
  rack (1.5.2) lib/rack/sendfile.rb:112:in `call'
  railties (4.1.6) lib/rails/engine.rb:514:in `call'
  railties (4.1.6) lib/rails/application.rb:144:in `call'
  rack (1.5.2) lib/rack/lock.rb:17:in `call'
  rack (1.5.2) lib/rack/content_length.rb:14:in `call'
  rack (1.5.2) lib/rack/handler/webrick.rb:60:in `service'
  /Users/nate/.rvm/rubies/ruby-2.1.2/lib/ruby/2.1.0/webrick/httpserver.rb:138:in `service'
  /Users/nate/.rvm/rubies/ruby-2.1.2/lib/ruby/2.1.0/webrick/httpserver.rb:94:in `run'
  /Users/nate/.rvm/rubies/ruby-2.1.2/lib/ruby/2.1.0/webrick/server.rb:295:in `block in start_thread'



Started POST "/__better_errors/5aa64709aaf04e9c/variables" for 127.0.0.1 at 2014-10-28 20:51:25 +0800


Started GET "/" for 127.0.0.1 at 2014-10-28 20:52:09 +0800
Processing by WelcomeController#index as HTML
  Rendered welcome/index.html.erb within layouts/application (0.1ms)
Completed 200 OK in 237ms (Views: 236.3ms | ActiveRecord: 0.0ms)


Started GET "/assets/twitter-bootstrap-static/bootstrap.css?body=1" for 127.0.0.1 at 2014-10-28 20:52:09 +0800


Started GET "/assets/bootstrap_and_overrides.css?body=1" for 127.0.0.1 at 2014-10-28 20:52:09 +0800


Started GET "/assets/welcome.css?body=1" for 127.0.0.1 at 2014-10-28 20:52:09 +0800


Started GET "/assets/jquery.js?body=1" for 127.0.0.1 at 2014-10-28 20:52:09 +0800


Started GET "/assets/twitter-bootstrap-static/fontawesome.css?body=1" for 127.0.0.1 at 2014-10-28 20:52:09 +0800


Started GET "/assets/application.css?body=1" for 127.0.0.1 at 2014-10-28 20:52:09 +0800


Started GET "/assets/twitter/bootstrap/alert.js?body=1" for 127.0.0.1 at 2014-10-28 20:52:09 +0800


Started GET "/assets/twitter/bootstrap/transition.js?body=1" for 127.0.0.1 at 2014-10-28 20:52:09 +0800


Started GET "/assets/jquery_ujs.js?body=1" for 127.0.0.1 at 2014-10-28 20:52:09 +0800


Started GET "/assets/twitter/bootstrap/modal.js?body=1" for 127.0.0.1 at 2014-10-28 20:52:09 +0800


Started GET "/assets/twitter/bootstrap/scrollspy.js?body=1" for 127.0.0.1 at 2014-10-28 20:52:09 +0800


Started GET "/assets/twitter/bootstrap/dropdown.js?body=1" for 127.0.0.1 at 2014-10-28 20:52:09 +0800


Started GET "/assets/twitter/bootstrap/tooltip.js?body=1" for 127.0.0.1 at 2014-10-28 20:52:09 +0800


Started GET "/assets/twitter/bootstrap/collapse.js?body=1" for 127.0.0.1 at 2014-10-28 20:52:09 +0800


Started GET "/assets/twitter/bootstrap/button.js?body=1" for 127.0.0.1 at 2014-10-28 20:52:09 +0800


Started GET "/assets/twitter/bootstrap/carousel.js?body=1" for 127.0.0.1 at 2014-10-28 20:52:09 +0800


Started GET "/assets/twitter/bootstrap/popover.js?body=1" for 127.0.0.1 at 2014-10-28 20:52:09 +0800


Started GET "/assets/twitter/bootstrap/tab.js?body=1" for 127.0.0.1 at 2014-10-28 20:52:09 +0800


Started GET "/assets/twitter/bootstrap/affix.js?body=1" for 127.0.0.1 at 2014-10-28 20:52:09 +0800


Started GET "/assets/twitter/bootstrap.js?body=1" for 127.0.0.1 at 2014-10-28 20:52:09 +0800


Started GET "/assets/turbolinks.js?body=1" for 127.0.0.1 at 2014-10-28 20:52:09 +0800


Started GET "/assets/bootstrap.js?body=1" for 127.0.0.1 at 2014-10-28 20:52:09 +0800


Started GET "/assets/welcome.js?body=1" for 127.0.0.1 at 2014-10-28 20:52:09 +0800


Started GET "/assets/application.js?body=1" for 127.0.0.1 at 2014-10-28 20:52:09 +0800


Started GET "/images/favicon.ico" for 127.0.0.1 at 2014-10-28 20:52:10 +0800

ActionController::RoutingError (No route matches [GET] "/images/favicon.ico"):
  actionpack (4.1.6) lib/action_dispatch/middleware/debug_exceptions.rb:21:in `call'
  actionpack (4.1.6) lib/action_dispatch/middleware/show_exceptions.rb:30:in `call'
  railties (4.1.6) lib/rails/rack/logger.rb:38:in `call_app'
  railties (4.1.6) lib/rails/rack/logger.rb:20:in `block in call'
  activesupport (4.1.6) lib/active_support/tagged_logging.rb:68:in `block in tagged'
  activesupport (4.1.6) lib/active_support/tagged_logging.rb:26:in `tagged'
  activesupport (4.1.6) lib/active_support/tagged_logging.rb:68:in `tagged'
  railties (4.1.6) lib/rails/rack/logger.rb:20:in `call'
  actionpack (4.1.6) lib/action_dispatch/middleware/request_id.rb:21:in `call'
  rack (1.5.2) lib/rack/methodoverride.rb:21:in `call'
  rack (1.5.2) lib/rack/runtime.rb:17:in `call'
  activesupport (4.1.6) lib/active_support/cache/strategy/local_cache_middleware.rb:26:in `call'
  rack (1.5.2) lib/rack/lock.rb:17:in `call'
  actionpack (4.1.6) lib/action_dispatch/middleware/static.rb:64:in `call'
  rack (1.5.2) lib/rack/sendfile.rb:112:in `call'
  railties (4.1.6) lib/rails/engine.rb:514:in `call'
  railties (4.1.6) lib/rails/application.rb:144:in `call'
  rack (1.5.2) lib/rack/lock.rb:17:in `call'
  rack (1.5.2) lib/rack/content_length.rb:14:in `call'
  rack (1.5.2) lib/rack/handler/webrick.rb:60:in `service'
  /Users/nate/.rvm/rubies/ruby-2.1.2/lib/ruby/2.1.0/webrick/httpserver.rb:138:in `service'
  /Users/nate/.rvm/rubies/ruby-2.1.2/lib/ruby/2.1.0/webrick/httpserver.rb:94:in `run'
  /Users/nate/.rvm/rubies/ruby-2.1.2/lib/ruby/2.1.0/webrick/server.rb:295:in `block in start_thread'


  Rendered /Users/nate/.rvm/gems/ruby-2.1.2/gems/actionpack-4.1.6/lib/action_dispatch/middleware/templates/rescues/_trace.html.erb (1.8ms)
  Rendered /Users/nate/.rvm/gems/ruby-2.1.2/gems/actionpack-4.1.6/lib/action_dispatch/middleware/templates/routes/_route.html.erb (0.6ms)
  Rendered /Users/nate/.rvm/gems/ruby-2.1.2/gems/actionpack-4.1.6/lib/action_dispatch/middleware/templates/routes/_table.html.erb (7.0ms)
  Rendered /Users/nate/.rvm/gems/ruby-2.1.2/gems/actionpack-4.1.6/lib/action_dispatch/middleware/templates/rescues/routing_error.html.erb within rescues/layout (30.9ms)


Started GET "/" for 127.0.0.1 at 2014-10-28 20:54:57 +0800
Processing by WelcomeController#index as HTML
  Rendered welcome/index.html.erb within layouts/application (0.1ms)
Completed 200 OK in 218ms (Views: 217.5ms | ActiveRecord: 0.0ms)


Started GET "/assets/twitter-bootstrap-static/fontawesome.css?body=1" for 127.0.0.1 at 2014-10-28 20:54:57 +0800


Started GET "/assets/bootstrap_and_overrides.css?body=1" for 127.0.0.1 at 2014-10-28 20:54:57 +0800


Started GET "/assets/welcome.css?body=1" for 127.0.0.1 at 2014-10-28 20:54:57 +0800


Started GET "/assets/jquery.js?body=1" for 127.0.0.1 at 2014-10-28 20:54:57 +0800


Started GET "/assets/jquery_ujs.js?body=1" for 127.0.0.1 at 2014-10-28 20:54:57 +0800


Started GET "/assets/application.css?body=1" for 127.0.0.1 at 2014-10-28 20:54:57 +0800


Started GET "/assets/twitter-bootstrap-static/bootstrap.css?body=1" for 127.0.0.1 at 2014-10-28 20:54:57 +0800


Started GET "/assets/twitter/bootstrap/alert.js?body=1" for 127.0.0.1 at 2014-10-28 20:54:57 +0800


Started GET "/assets/twitter/bootstrap/dropdown.js?body=1" for 127.0.0.1 at 2014-10-28 20:54:57 +0800


Started GET "/assets/twitter/bootstrap/transition.js?body=1" for 127.0.0.1 at 2014-10-28 20:54:57 +0800


Started GET "/assets/twitter/bootstrap/scrollspy.js?body=1" for 127.0.0.1 at 2014-10-28 20:54:57 +0800


Started GET "/assets/twitter/bootstrap/tooltip.js?body=1" for 127.0.0.1 at 2014-10-28 20:54:57 +0800


Started GET "/assets/twitter/bootstrap/popover.js?body=1" for 127.0.0.1 at 2014-10-28 20:54:57 +0800


Started GET "/assets/twitter/bootstrap/tab.js?body=1" for 127.0.0.1 at 2014-10-28 20:54:57 +0800


Started GET "/assets/twitter/bootstrap/collapse.js?body=1" for 127.0.0.1 at 2014-10-28 20:54:57 +0800


Started GET "/assets/twitter/bootstrap/modal.js?body=1" for 127.0.0.1 at 2014-10-28 20:54:57 +0800


Started GET "/assets/twitter/bootstrap/carousel.js?body=1" for 127.0.0.1 at 2014-10-28 20:54:57 +0800


Started GET "/assets/twitter/bootstrap/button.js?body=1" for 127.0.0.1 at 2014-10-28 20:54:57 +0800


Started GET "/assets/twitter/bootstrap.js?body=1" for 127.0.0.1 at 2014-10-28 20:54:57 +0800


Started GET "/assets/twitter/bootstrap/affix.js?body=1" for 127.0.0.1 at 2014-10-28 20:54:57 +0800


Started GET "/assets/turbolinks.js?body=1" for 127.0.0.1 at 2014-10-28 20:54:57 +0800


Started GET "/assets/welcome.js?body=1" for 127.0.0.1 at 2014-10-28 20:54:57 +0800


Started GET "/assets/application.js?body=1" for 127.0.0.1 at 2014-10-28 20:54:57 +0800


Started GET "/assets/bootstrap.js?body=1" for 127.0.0.1 at 2014-10-28 20:54:57 +0800


Started GET "/assets/twitter-bootstrap-static/fontawesome.css?body=1" for 127.0.0.1 at 2014-10-28 20:55:05 +0800


Started GET "/assets/twitter-bootstrap-static/bootstrap.css?body=1" for 127.0.0.1 at 2014-10-28 20:55:05 +0800


Started GET "/assets/application.css?body=1" for 127.0.0.1 at 2014-10-28 20:55:05 +0800


Started GET "/assets/bootstrap_and_overrides.css?body=1" for 127.0.0.1 at 2014-10-28 20:55:05 +0800


Started GET "/assets/welcome.css?body=1" for 127.0.0.1 at 2014-10-28 20:55:05 +0800


Started GET "/" for 127.0.0.1 at 2014-10-28 21:00:55 +0800
Processing by WelcomeController#index as HTML
  Rendered welcome/index.html.erb within layouts/application (0.1ms)
Completed 200 OK in 206ms (Views: 205.3ms | ActiveRecord: 0.0ms)


Started GET "/assets/twitter-bootstrap-static/bootstrap.css?body=1" for 127.0.0.1 at 2014-10-28 21:00:55 +0800


Started GET "/assets/twitter-bootstrap-static/fontawesome.css?body=1" for 127.0.0.1 at 2014-10-28 21:00:55 +0800


Started GET "/assets/bootstrap_and_overrides.css?body=1" for 127.0.0.1 at 2014-10-28 21:00:55 +0800


Started GET "/assets/jquery_ujs.js?body=1" for 127.0.0.1 at 2014-10-28 21:00:55 +0800


Started GET "/assets/welcome.css?body=1" for 127.0.0.1 at 2014-10-28 21:00:55 +0800


Started GET "/assets/twitter/bootstrap/transition.js?body=1" for 127.0.0.1 at 2014-10-28 21:00:55 +0800


Started GET "/assets/application.css?body=1" for 127.0.0.1 at 2014-10-28 21:00:55 +0800


Started GET "/assets/jquery.js?body=1" for 127.0.0.1 at 2014-10-28 21:00:55 +0800


Started GET "/assets/twitter/bootstrap/alert.js?body=1" for 127.0.0.1 at 2014-10-28 21:00:55 +0800


Started GET "/assets/twitter/bootstrap/modal.js?body=1" for 127.0.0.1 at 2014-10-28 21:00:55 +0800


Started GET "/assets/twitter/bootstrap/scrollspy.js?body=1" for 127.0.0.1 at 2014-10-28 21:00:55 +0800


Started GET "/assets/twitter/bootstrap/tab.js?body=1" for 127.0.0.1 at 2014-10-28 21:00:55 +0800


Started GET "/assets/twitter/bootstrap/dropdown.js?body=1" for 127.0.0.1 at 2014-10-28 21:00:55 +0800


Started GET "/assets/twitter/bootstrap/popover.js?body=1" for 127.0.0.1 at 2014-10-28 21:00:55 +0800


Started GET "/assets/twitter/bootstrap/tooltip.js?body=1" for 127.0.0.1 at 2014-10-28 21:00:55 +0800


Started GET "/assets/twitter/bootstrap/collapse.js?body=1" for 127.0.0.1 at 2014-10-28 21:00:55 +0800


Started GET "/assets/twitter/bootstrap/carousel.js?body=1" for 127.0.0.1 at 2014-10-28 21:00:55 +0800


Started GET "/assets/twitter/bootstrap/affix.js?body=1" for 127.0.0.1 at 2014-10-28 21:00:55 +0800


Started GET "/assets/twitter/bootstrap.js?body=1" for 127.0.0.1 at 2014-10-28 21:00:55 +0800


Started GET "/assets/turbolinks.js?body=1" for 127.0.0.1 at 2014-10-28 21:00:55 +0800


Started GET "/assets/bootstrap.js?body=1" for 127.0.0.1 at 2014-10-28 21:00:55 +0800


Started GET "/assets/welcome.js?body=1" for 127.0.0.1 at 2014-10-28 21:00:55 +0800


Started GET "/assets/application.js?body=1" for 127.0.0.1 at 2014-10-28 21:00:55 +0800


Started GET "/assets/twitter/bootstrap/button.js?body=1" for 127.0.0.1 at 2014-10-28 21:00:55 +0800


Started GET "/" for 127.0.0.1 at 2014-10-28 21:04:30 +0800

SyntaxError - syntax error, unexpected '<', expecting keyword_end
  <%= nav_bar :fixed => :top, :b...
   ^
/Users/nate/Google Drive/WDI/hk-gymfinder/app/helpers/application_helper.rb:2: syntax error, unexpected ',', expecting keyword_end
  <%= nav_bar :fixed => :top, :brand => "Fashionable Clich...
                             ^
/Users/nate/Google Drive/WDI/hk-gymfinder/app/helpers/application_helper.rb:2: syntax error, unexpected ',', expecting keyword_end
...=> "Fashionable Clicheizr 2.0", :responsive => true do %>
...                               ^
/Users/nate/Google Drive/WDI/hk-gymfinder/app/helpers/application_helper.rb:4: syntax error, unexpected '<', expecting keyword_end
        <%= menu_item "Home", root_path %>
         ^
/Users/nate/Google Drive/WDI/hk-gymfinder/app/helpers/application_helper.rb:5: syntax error, unexpected tIDENTIFIER, expecting keyword_end
        <%= menu_divider %>
                        ^
/Users/nate/Google Drive/WDI/hk-gymfinder/app/helpers/application_helper.rb:7: syntax error, unexpected tIDENTIFIER, expecting keyword_end
            <%= menu_item "Things you can't afford", e...
                         ^
/Users/nate/Google Drive/WDI/hk-gymfinder/app/helpers/application_helper.rb:7: syntax error, unexpected tSTRING_BEG, expecting keyword_do or '{' or '('
/Users/nate/Google Drive/WDI/hk-gymfinder/app/helpers/application_helper.rb:9: syntax error, unexpected '<', expecting keyword_end
            <%= menu_item "Things you're n...
             ^
/Users/nate/Google Drive/WDI/hk-gymfinder/app/helpers/application_helper.rb:11: syntax error, unexpected tIDENTIFIER, expecting keyword_end
                <%= menu_item "Bikes", fixed_wheel_bikes_path %>
                             ^
/Users/nate/Google Drive/WDI/hk-gymfinder/app/helpers/application_helper.rb:11: syntax error, unexpected tSTRING_BEG, expecting keyword_do or '{' or '('
/Users/nate/Google Drive/WDI/hk-gymfinder/app/helpers/application_helper.rb:13: syntax error, unexpected '<', expecting keyword_end
        <% end %>
         ^
/Users/nate/Google Drive/WDI/hk-gymfinder/app/helpers/application_helper.rb:13: syntax error, unexpected '>'
/Users/nate/Google Drive/WDI/hk-gymfinder/app/helpers/application_helper.rb:15: syntax error, unexpected tIDENTIFIER, expecting keyword_end
        <%= menu_item "Contact", contact_path %>
                     ^
/Users/nate/Google Drive/WDI/hk-gymfinder/app/helpers/application_helper.rb:15: syntax error, unexpected tSTRING_BEG, expecting keyword_do or '{' or '('
/Users/nate/Google Drive/WDI/hk-gymfinder/app/helpers/application_helper.rb:17: syntax error, unexpected '<', expecting keyword_end
    <%= menu_group :pull => :right do %>
     ^
/Users/nate/Google Drive/WDI/hk-gymfinder/app/helpers/application_helper.rb:17: syntax error, unexpected keyword_do_block, expecting keyword_end
    <%= menu_group :pull => :right do %>
                                     ^
/Users/nate/Google Drive/WDI/hk-gymfinder/app/helpers/application_helper.rb:19: syntax error, unexpected '<', expecting keyword_end
            <%= menu_item "Log Out", log_out_path %>
             ^
/Users/nate/Google Drive/WDI/hk-gymfinder/app/helpers/application_helper.rb:21: syntax error, unexpected tIDENTIFIER, expecting keyword_end
            <%= form_for @user, :url => session_path(...
                        ^
/Users/nate/Google Drive/WDI/hk-gymfinder/app/helpers/application_helper.rb:23: syntax error, unexpected tIDENTIFIER, expecting keyword_end
              <p><%= f.password_field :password %></p>
                      ^
/Users/nate/Google Drive/WDI/hk-gymfinder/app/helpers/application_helper.rb:23: syntax error, unexpected '>'
              <p><%= f.password_field :password %></p>
                                                  ^
/Users/nate/Google Drive/WDI/hk-gymfinder/app/helpers/application_helper.rb:24: unknown regexp option - p
/Users/nate/Google Drive/WDI/hk-gymfinder/app/helpers/application_helper.rb:25: syntax error, unexpected '<'
            <% end -%>
             ^
/Users/nate/Google Drive/WDI/hk-gymfinder/app/helpers/application_helper.rb:27: syntax error, unexpected '<', expecting keyword_end
    <% end %>
     ^
/Users/nate/Google Drive/WDI/hk-gymfinder/app/helpers/application_helper.rb:27: syntax error, unexpected '>'
/Users/nate/Google Drive/WDI/hk-gymfinder/app/helpers/application_helper.rb:28: syntax error, unexpected '>':
  app/helpers/application_helper.rb:2:in `'
  activesupport (4.1.6) lib/active_support/dependencies.rb:443:in `block in load_file'
  activesupport (4.1.6) lib/active_support/dependencies.rb:633:in `new_constants_in'
  activesupport (4.1.6) lib/active_support/dependencies.rb:442:in `load_file'
  activesupport (4.1.6) lib/active_support/dependencies.rb:342:in `require_or_load'
  activesupport (4.1.6) lib/active_support/dependencies.rb:307:in `depend_on'
  activesupport (4.1.6) lib/active_support/dependencies.rb:225:in `require_dependency'
  actionpack (4.1.6) lib/abstract_controller/helpers.rb:152:in `block in modules_for_helpers'
  actionpack (4.1.6) lib/abstract_controller/helpers.rb:147:in `modules_for_helpers'
  actionpack (4.1.6) lib/action_controller/metal/helpers.rb:93:in `modules_for_helpers'
  actionpack (4.1.6) lib/abstract_controller/helpers.rb:111:in `helper'
  actionpack (4.1.6) lib/abstract_controller/helpers.rb:179:in `default_helper_module!'
  actionpack (4.1.6) lib/abstract_controller/helpers.rb:39:in `block in inherited'
  actionpack (4.1.6) lib/abstract_controller/helpers.rb:39:in `inherited'
  actionview (4.1.6) lib/action_view/layouts.rb:217:in `inherited'
  actionpack (4.1.6) lib/action_controller/metal/params_wrapper.rb:226:in `inherited'
  actionpack (4.1.6) lib/abstract_controller/railties/routes_helpers.rb:7:in `block (2 levels) in with'
  actionpack (4.1.6) lib/action_controller/railties/helpers.rb:5:in `inherited'
  app/controllers/application_controller.rb:1:in `<top (required)>'
  activesupport (4.1.6) lib/active_support/dependencies.rb:443:in `block in load_file'
  activesupport (4.1.6) lib/active_support/dependencies.rb:633:in `new_constants_in'
  activesupport (4.1.6) lib/active_support/dependencies.rb:442:in `load_file'
  activesupport (4.1.6) lib/active_support/dependencies.rb:342:in `require_or_load'
  activesupport (4.1.6) lib/active_support/dependencies.rb:480:in `load_missing_constant'
  activesupport (4.1.6) lib/active_support/dependencies.rb:180:in `const_missing'
  app/controllers/welcome_controller.rb:1:in `<top (required)>'
  activesupport (4.1.6) lib/active_support/dependencies.rb:443:in `block in load_file'
  activesupport (4.1.6) lib/active_support/dependencies.rb:633:in `new_constants_in'
  activesupport (4.1.6) lib/active_support/dependencies.rb:442:in `load_file'
  activesupport (4.1.6) lib/active_support/dependencies.rb:342:in `require_or_load'
  activesupport (4.1.6) lib/active_support/dependencies.rb:480:in `load_missing_constant'
  activesupport (4.1.6) lib/active_support/dependencies.rb:180:in `const_missing'
  activesupport (4.1.6) lib/active_support/inflector/methods.rb:238:in `block in constantize'
  activesupport (4.1.6) lib/active_support/inflector/methods.rb:236:in `constantize'
  activesupport (4.1.6) lib/active_support/dependencies.rb:552:in `get'
  activesupport (4.1.6) lib/active_support/dependencies.rb:583:in `constantize'
  actionpack (4.1.6) lib/action_dispatch/routing/route_set.rb:78:in `controller_reference'
  actionpack (4.1.6) lib/action_dispatch/routing/route_set.rb:68:in `controller'
  actionpack (4.1.6) lib/action_dispatch/routing/route_set.rb:46:in `call'
  actionpack (4.1.6) lib/action_dispatch/journey/router.rb:73:in `block in call'
  actionpack (4.1.6) lib/action_dispatch/journey/router.rb:59:in `call'
  actionpack (4.1.6) lib/action_dispatch/routing/route_set.rb:678:in `call'
  meta_request (0.3.4) lib/meta_request/middlewares/app_request_handler.rb:13:in `call'
  meta_request (0.3.4) lib/meta_request/middlewares/meta_request_handler.rb:13:in `call'
  rack (1.5.2) lib/rack/etag.rb:23:in `call'
  rack (1.5.2) lib/rack/conditionalget.rb:25:in `call'
  rack (1.5.2) lib/rack/head.rb:11:in `call'
  actionpack (4.1.6) lib/action_dispatch/middleware/params_parser.rb:27:in `call'
  actionpack (4.1.6) lib/action_dispatch/middleware/flash.rb:254:in `call'
  rack (1.5.2) lib/rack/session/abstract/id.rb:225:in `context'
  rack (1.5.2) lib/rack/session/abstract/id.rb:220:in `call'
  actionpack (4.1.6) lib/action_dispatch/middleware/cookies.rb:560:in `call'
  activerecord (4.1.6) lib/active_record/query_cache.rb:36:in `call'
  activerecord (4.1.6) lib/active_record/connection_adapters/abstract/connection_pool.rb:621:in `call'
  activerecord (4.1.6) lib/active_record/migration.rb:380:in `call'
  actionpack (4.1.6) lib/action_dispatch/middleware/callbacks.rb:29:in `block in call'
  activesupport (4.1.6) lib/active_support/callbacks.rb:82:in `run_callbacks'
  actionpack (4.1.6) lib/action_dispatch/middleware/callbacks.rb:27:in `call'
  actionpack (4.1.6) lib/action_dispatch/middleware/reloader.rb:73:in `call'
  actionpack (4.1.6) lib/action_dispatch/middleware/remote_ip.rb:76:in `call'
  better_errors (2.0.0) lib/better_errors/middleware.rb:84:in `protected_app_call'
  better_errors (2.0.0) lib/better_errors/middleware.rb:79:in `better_errors_call'
  better_errors (2.0.0) lib/better_errors/middleware.rb:57:in `call'
  rack-contrib (1.1.0) lib/rack/contrib/response_headers.rb:17:in `call'
  meta_request (0.3.4) lib/meta_request/middlewares/headers.rb:16:in `call'
  actionpack (4.1.6) lib/action_dispatch/middleware/debug_exceptions.rb:17:in `call'
  actionpack (4.1.6) lib/action_dispatch/middleware/show_exceptions.rb:30:in `call'
  railties (4.1.6) lib/rails/rack/logger.rb:38:in `call_app'
  railties (4.1.6) lib/rails/rack/logger.rb:20:in `block in call'
  activesupport (4.1.6) lib/active_support/tagged_logging.rb:68:in `block in tagged'
  activesupport (4.1.6) lib/active_support/tagged_logging.rb:26:in `tagged'
  activesupport (4.1.6) lib/active_support/tagged_logging.rb:68:in `tagged'
  railties (4.1.6) lib/rails/rack/logger.rb:20:in `call'
  actionpack (4.1.6) lib/action_dispatch/middleware/request_id.rb:21:in `call'
  rack (1.5.2) lib/rack/methodoverride.rb:21:in `call'
  rack (1.5.2) lib/rack/runtime.rb:17:in `call'
  activesupport (4.1.6) lib/active_support/cache/strategy/local_cache_middleware.rb:26:in `call'
  rack (1.5.2) lib/rack/lock.rb:17:in `call'
  actionpack (4.1.6) lib/action_dispatch/middleware/static.rb:64:in `call'
  rack (1.5.2) lib/rack/sendfile.rb:112:in `call'
  railties (4.1.6) lib/rails/engine.rb:514:in `call'
  railties (4.1.6) lib/rails/application.rb:144:in `call'
  rack (1.5.2) lib/rack/lock.rb:17:in `call'
  rack (1.5.2) lib/rack/content_length.rb:14:in `call'
  rack (1.5.2) lib/rack/handler/webrick.rb:60:in `service'
  /Users/nate/.rvm/rubies/ruby-2.1.2/lib/ruby/2.1.0/webrick/httpserver.rb:138:in `service'
  /Users/nate/.rvm/rubies/ruby-2.1.2/lib/ruby/2.1.0/webrick/httpserver.rb:94:in `run'
  /Users/nate/.rvm/rubies/ruby-2.1.2/lib/ruby/2.1.0/webrick/server.rb:295:in `block in start_thread'



Started POST "/__better_errors/f3c2b4545aaf2a10/variables" for 127.0.0.1 at 2014-10-28 21:04:30 +0800


Started GET "/" for 127.0.0.1 at 2014-10-28 21:04:54 +0800
Processing by WelcomeController#index as HTML
  Rendered welcome/index.html.erb within layouts/application (0.1ms)
Completed 200 OK in 218ms (Views: 217.1ms | ActiveRecord: 0.0ms)


Started GET "/assets/twitter-bootstrap-static/bootstrap.css?body=1" for 127.0.0.1 at 2014-10-28 21:04:54 +0800


Started GET "/assets/application.css?body=1" for 127.0.0.1 at 2014-10-28 21:04:54 +0800


Started GET "/assets/twitter-bootstrap-static/fontawesome.css?body=1" for 127.0.0.1 at 2014-10-28 21:04:54 +0800


Started GET "/assets/jquery.js?body=1" for 127.0.0.1 at 2014-10-28 21:04:54 +0800


Started GET "/assets/bootstrap_and_overrides.css?body=1" for 127.0.0.1 at 2014-10-28 21:04:54 +0800


Started GET "/assets/welcome.css?body=1" for 127.0.0.1 at 2014-10-28 21:04:54 +0800


Started GET "/assets/twitter/bootstrap/transition.js?body=1" for 127.0.0.1 at 2014-10-28 21:04:54 +0800


Started GET "/assets/jquery_ujs.js?body=1" for 127.0.0.1 at 2014-10-28 21:04:54 +0800


Started GET "/assets/twitter/bootstrap/alert.js?body=1" for 127.0.0.1 at 2014-10-28 21:04:54 +0800


Started GET "/assets/twitter/bootstrap/modal.js?body=1" for 127.0.0.1 at 2014-10-28 21:04:54 +0800


Started GET "/assets/twitter/bootstrap/dropdown.js?body=1" for 127.0.0.1 at 2014-10-28 21:04:54 +0800


Started GET "/assets/twitter/bootstrap/scrollspy.js?body=1" for 127.0.0.1 at 2014-10-28 21:04:54 +0800


Started GET "/assets/twitter/bootstrap/tab.js?body=1" for 127.0.0.1 at 2014-10-28 21:04:54 +0800


Started GET "/assets/twitter/bootstrap/popover.js?body=1" for 127.0.0.1 at 2014-10-28 21:04:54 +0800


Started GET "/assets/twitter/bootstrap/button.js?body=1" for 127.0.0.1 at 2014-10-28 21:04:54 +0800


Started GET "/assets/twitter/bootstrap/carousel.js?body=1" for 127.0.0.1 at 2014-10-28 21:04:54 +0800


Started GET "/assets/twitter/bootstrap/collapse.js?body=1" for 127.0.0.1 at 2014-10-28 21:04:54 +0800


Started GET "/assets/twitter/bootstrap/tooltip.js?body=1" for 127.0.0.1 at 2014-10-28 21:04:54 +0800


Started GET "/assets/twitter/bootstrap/affix.js?body=1" for 127.0.0.1 at 2014-10-28 21:04:54 +0800


Started GET "/assets/twitter/bootstrap.js?body=1" for 127.0.0.1 at 2014-10-28 21:04:54 +0800


Started GET "/assets/turbolinks.js?body=1" for 127.0.0.1 at 2014-10-28 21:04:54 +0800


Started GET "/assets/welcome.js?body=1" for 127.0.0.1 at 2014-10-28 21:04:54 +0800


Started GET "/assets/bootstrap.js?body=1" for 127.0.0.1 at 2014-10-28 21:04:54 +0800


Started GET "/assets/application.js?body=1" for 127.0.0.1 at 2014-10-28 21:04:54 +0800


Started GET "/" for 127.0.0.1 at 2014-10-28 21:05:09 +0800
Processing by WelcomeController#index as HTML
  Rendered welcome/index.html.erb within layouts/application (0.1ms)
Completed 200 OK in 207ms (Views: 206.6ms | ActiveRecord: 0.0ms)


Started GET "/assets/twitter-bootstrap-static/bootstrap.css?body=1" for 127.0.0.1 at 2014-10-28 21:05:09 +0800


Started GET "/assets/application.css?body=1" for 127.0.0.1 at 2014-10-28 21:05:09 +0800


Started GET "/assets/jquery.js?body=1" for 127.0.0.1 at 2014-10-28 21:05:09 +0800


Started GET "/assets/jquery_ujs.js?body=1" for 127.0.0.1 at 2014-10-28 21:05:09 +0800


Started GET "/assets/twitter/bootstrap/transition.js?body=1" for 127.0.0.1 at 2014-10-28 21:05:09 +0800


Started GET "/assets/twitter-bootstrap-static/fontawesome.css?body=1" for 127.0.0.1 at 2014-10-28 21:05:09 +0800


Started GET "/assets/welcome.css?body=1" for 127.0.0.1 at 2014-10-28 21:05:09 +0800


Started GET "/assets/bootstrap_and_overrides.css?body=1" for 127.0.0.1 at 2014-10-28 21:05:09 +0800


Started GET "/assets/twitter/bootstrap/alert.js?body=1" for 127.0.0.1 at 2014-10-28 21:05:09 +0800


Started GET "/assets/twitter/bootstrap/dropdown.js?body=1" for 127.0.0.1 at 2014-10-28 21:05:09 +0800


Started GET "/assets/twitter/bootstrap/scrollspy.js?body=1" for 127.0.0.1 at 2014-10-28 21:05:09 +0800


Started GET "/assets/twitter/bootstrap/modal.js?body=1" for 127.0.0.1 at 2014-10-28 21:05:09 +0800


Started GET "/assets/twitter/bootstrap/tab.js?body=1" for 127.0.0.1 at 2014-10-28 21:05:09 +0800


Started GET "/assets/twitter/bootstrap/tooltip.js?body=1" for 127.0.0.1 at 2014-10-28 21:05:09 +0800


Started GET "/assets/twitter/bootstrap/popover.js?body=1" for 127.0.0.1 at 2014-10-28 21:05:09 +0800


Started GET "/assets/twitter/bootstrap/button.js?body=1" for 127.0.0.1 at 2014-10-28 21:05:09 +0800


Started GET "/assets/twitter/bootstrap/carousel.js?body=1" for 127.0.0.1 at 2014-10-28 21:05:09 +0800


Started GET "/assets/twitter/bootstrap/affix.js?body=1" for 127.0.0.1 at 2014-10-28 21:05:09 +0800


Started GET "/assets/twitter/bootstrap/collapse.js?body=1" for 127.0.0.1 at 2014-10-28 21:05:09 +0800


Started GET "/assets/twitter/bootstrap.js?body=1" for 127.0.0.1 at 2014-10-28 21:05:09 +0800


Started GET "/assets/turbolinks.js?body=1" for 127.0.0.1 at 2014-10-28 21:05:09 +0800


Started GET "/assets/application.js?body=1" for 127.0.0.1 at 2014-10-28 21:05:09 +0800


Started GET "/assets/welcome.js?body=1" for 127.0.0.1 at 2014-10-28 21:05:09 +0800


Started GET "/assets/bootstrap.js?body=1" for 127.0.0.1 at 2014-10-28 21:05:09 +0800


Started GET "/" for 127.0.0.1 at 2014-10-28 21:05:12 +0800
Processing by WelcomeController#index as HTML
  Rendered welcome/index.html.erb within layouts/application (0.2ms)
Completed 200 OK in 209ms (Views: 208.2ms | ActiveRecord: 0.0ms)


Started GET "/assets/twitter-bootstrap-static/bootstrap.css?body=1" for 127.0.0.1 at 2014-10-28 21:05:12 +0800


Started GET "/assets/twitter-bootstrap-static/fontawesome.css?body=1" for 127.0.0.1 at 2014-10-28 21:05:12 +0800


Started GET "/assets/welcome.css?body=1" for 127.0.0.1 at 2014-10-28 21:05:12 +0800


Started GET "/assets/jquery.js?body=1" for 127.0.0.1 at 2014-10-28 21:05:12 +0800


Started GET "/assets/application.css?body=1" for 127.0.0.1 at 2014-10-28 21:05:12 +0800


Started GET "/assets/bootstrap_and_overrides.css?body=1" for 127.0.0.1 at 2014-10-28 21:05:12 +0800


Started GET "/assets/twitter/bootstrap/transition.js?body=1" for 127.0.0.1 at 2014-10-28 21:05:12 +0800


Started GET "/assets/twitter/bootstrap/alert.js?body=1" for 127.0.0.1 at 2014-10-28 21:05:12 +0800


Started GET "/assets/twitter/bootstrap/modal.js?body=1" for 127.0.0.1 at 2014-10-28 21:05:12 +0800


Started GET "/assets/jquery_ujs.js?body=1" for 127.0.0.1 at 2014-10-28 21:05:12 +0800


Started GET "/assets/twitter/bootstrap/dropdown.js?body=1" for 127.0.0.1 at 2014-10-28 21:05:12 +0800


Started GET "/assets/twitter/bootstrap/scrollspy.js?body=1" for 127.0.0.1 at 2014-10-28 21:05:12 +0800


Started GET "/assets/twitter/bootstrap/tooltip.js?body=1" for 127.0.0.1 at 2014-10-28 21:05:12 +0800


Started GET "/assets/twitter/bootstrap/tab.js?body=1" for 127.0.0.1 at 2014-10-28 21:05:12 +0800


Started GET "/assets/twitter/bootstrap/popover.js?body=1" for 127.0.0.1 at 2014-10-28 21:05:12 +0800


Started GET "/assets/twitter/bootstrap/collapse.js?body=1" for 127.0.0.1 at 2014-10-28 21:05:12 +0800


Started GET "/assets/twitter/bootstrap/button.js?body=1" for 127.0.0.1 at 2014-10-28 21:05:12 +0800


Started GET "/assets/twitter/bootstrap/carousel.js?body=1" for 127.0.0.1 at 2014-10-28 21:05:12 +0800


Started GET "/assets/twitter/bootstrap/affix.js?body=1" for 127.0.0.1 at 2014-10-28 21:05:12 +0800


Started GET "/assets/twitter/bootstrap.js?body=1" for 127.0.0.1 at 2014-10-28 21:05:12 +0800


Started GET "/assets/application.js?body=1" for 127.0.0.1 at 2014-10-28 21:05:12 +0800


Started GET "/assets/bootstrap.js?body=1" for 127.0.0.1 at 2014-10-28 21:05:12 +0800


Started GET "/assets/welcome.js?body=1" for 127.0.0.1 at 2014-10-28 21:05:12 +0800


Started GET "/assets/turbolinks.js?body=1" for 127.0.0.1 at 2014-10-28 21:05:12 +0800


Started GET "/" for 127.0.0.1 at 2014-10-28 21:05:23 +0800
Processing by WelcomeController#index as HTML
  Rendered welcome/index.html.erb within layouts/application (0.1ms)
Completed 200 OK in 218ms (Views: 217.4ms | ActiveRecord: 0.0ms)


Started GET "/assets/twitter-bootstrap-static/bootstrap.css?body=1" for 127.0.0.1 at 2014-10-28 21:05:24 +0800


Started GET "/assets/bootstrap_and_overrides.css?body=1" for 127.0.0.1 at 2014-10-28 21:05:24 +0800


Started GET "/assets/twitter-bootstrap-static/fontawesome.css?body=1" for 127.0.0.1 at 2014-10-28 21:05:24 +0800


Started GET "/assets/application.css?body=1" for 127.0.0.1 at 2014-10-28 21:05:24 +0800


Started GET "/assets/welcome.css?body=1" for 127.0.0.1 at 2014-10-28 21:05:24 +0800


Started GET "/assets/jquery.js?body=1" for 127.0.0.1 at 2014-10-28 21:05:24 +0800


Started GET "/assets/twitter/bootstrap/transition.js?body=1" for 127.0.0.1 at 2014-10-28 21:05:24 +0800


Started GET "/assets/jquery_ujs.js?body=1" for 127.0.0.1 at 2014-10-28 21:05:24 +0800


Started GET "/assets/twitter/bootstrap/alert.js?body=1" for 127.0.0.1 at 2014-10-28 21:05:24 +0800


Started GET "/assets/twitter/bootstrap/modal.js?body=1" for 127.0.0.1 at 2014-10-28 21:05:24 +0800


Started GET "/assets/twitter/bootstrap/dropdown.js?body=1" for 127.0.0.1 at 2014-10-28 21:05:24 +0800


Started GET "/assets/twitter/bootstrap/tab.js?body=1" for 127.0.0.1 at 2014-10-28 21:05:24 +0800


Started GET "/assets/twitter/bootstrap/scrollspy.js?body=1" for 127.0.0.1 at 2014-10-28 21:05:24 +0800


Started GET "/assets/twitter/bootstrap/tooltip.js?body=1" for 127.0.0.1 at 2014-10-28 21:05:24 +0800


Started GET "/assets/twitter/bootstrap/popover.js?body=1" for 127.0.0.1 at 2014-10-28 21:05:24 +0800


Started GET "/assets/twitter/bootstrap/button.js?body=1" for 127.0.0.1 at 2014-10-28 21:05:24 +0800


Started GET "/assets/twitter/bootstrap/collapse.js?body=1" for 127.0.0.1 at 2014-10-28 21:05:24 +0800


Started GET "/assets/twitter/bootstrap/carousel.js?body=1" for 127.0.0.1 at 2014-10-28 21:05:24 +0800


Started GET "/assets/twitter/bootstrap/affix.js?body=1" for 127.0.0.1 at 2014-10-28 21:05:24 +0800


Started GET "/assets/twitter/bootstrap.js?body=1" for 127.0.0.1 at 2014-10-28 21:05:24 +0800


Started GET "/assets/turbolinks.js?body=1" for 127.0.0.1 at 2014-10-28 21:05:24 +0800


Started GET "/assets/welcome.js?body=1" for 127.0.0.1 at 2014-10-28 21:05:24 +0800


Started GET "/assets/bootstrap.js?body=1" for 127.0.0.1 at 2014-10-28 21:05:24 +0800


Started GET "/assets/application.js?body=1" for 127.0.0.1 at 2014-10-28 21:05:24 +0800


Started GET "/" for 127.0.0.1 at 2014-10-28 21:05:25 +0800
Processing by WelcomeController#index as HTML
  Rendered welcome/index.html.erb within layouts/application (0.1ms)
Completed 200 OK in 221ms (Views: 220.5ms | ActiveRecord: 0.0ms)


Started GET "/assets/bootstrap_and_overrides.css?body=1" for 127.0.0.1 at 2014-10-28 21:05:25 +0800


Started GET "/assets/twitter-bootstrap-static/fontawesome.css?body=1" for 127.0.0.1 at 2014-10-28 21:05:25 +0800


Started GET "/assets/welcome.css?body=1" for 127.0.0.1 at 2014-10-28 21:05:25 +0800


Started GET "/assets/application.css?body=1" for 127.0.0.1 at 2014-10-28 21:05:25 +0800


Started GET "/assets/jquery.js?body=1" for 127.0.0.1 at 2014-10-28 21:05:25 +0800


Started GET "/assets/jquery_ujs.js?body=1" for 127.0.0.1 at 2014-10-28 21:05:25 +0800


Started GET "/assets/twitter-bootstrap-static/bootstrap.css?body=1" for 127.0.0.1 at 2014-10-28 21:05:25 +0800


Started GET "/assets/twitter/bootstrap/alert.js?body=1" for 127.0.0.1 at 2014-10-28 21:05:25 +0800


Started GET "/assets/twitter/bootstrap/transition.js?body=1" for 127.0.0.1 at 2014-10-28 21:05:25 +0800


Started GET "/assets/twitter/bootstrap/modal.js?body=1" for 127.0.0.1 at 2014-10-28 21:05:25 +0800


Started GET "/assets/twitter/bootstrap/dropdown.js?body=1" for 127.0.0.1 at 2014-10-28 21:05:25 +0800


Started GET "/assets/twitter/bootstrap/scrollspy.js?body=1" for 127.0.0.1 at 2014-10-28 21:05:25 +0800


Started GET "/assets/twitter/bootstrap/tooltip.js?body=1" for 127.0.0.1 at 2014-10-28 21:05:25 +0800


Started GET "/assets/twitter/bootstrap/button.js?body=1" for 127.0.0.1 at 2014-10-28 21:05:26 +0800


Started GET "/assets/twitter/bootstrap/popover.js?body=1" for 127.0.0.1 at 2014-10-28 21:05:26 +0800


Started GET "/assets/twitter/bootstrap/tab.js?body=1" for 127.0.0.1 at 2014-10-28 21:05:26 +0800


Started GET "/assets/twitter/bootstrap/collapse.js?body=1" for 127.0.0.1 at 2014-10-28 21:05:26 +0800


Started GET "/assets/twitter/bootstrap/carousel.js?body=1" for 127.0.0.1 at 2014-10-28 21:05:26 +0800


Started GET "/assets/twitter/bootstrap/affix.js?body=1" for 127.0.0.1 at 2014-10-28 21:05:26 +0800


Started GET "/assets/twitter/bootstrap.js?body=1" for 127.0.0.1 at 2014-10-28 21:05:26 +0800


Started GET "/assets/turbolinks.js?body=1" for 127.0.0.1 at 2014-10-28 21:05:26 +0800


Started GET "/assets/application.js?body=1" for 127.0.0.1 at 2014-10-28 21:05:26 +0800


Started GET "/assets/welcome.js?body=1" for 127.0.0.1 at 2014-10-28 21:05:26 +0800


Started GET "/assets/bootstrap.js?body=1" for 127.0.0.1 at 2014-10-28 21:05:26 +0800


Started GET "/" for 127.0.0.1 at 2014-10-28 21:05:27 +0800
Processing by WelcomeController#index as HTML
  Rendered welcome/index.html.erb within layouts/application (0.1ms)
Completed 200 OK in 213ms (Views: 212.1ms | ActiveRecord: 0.0ms)


Started GET "/assets/twitter-bootstrap-static/bootstrap.css?body=1" for 127.0.0.1 at 2014-10-28 21:05:27 +0800


Started GET "/assets/jquery.js?body=1" for 127.0.0.1 at 2014-10-28 21:05:27 +0800


Started GET "/assets/twitter-bootstrap-static/fontawesome.css?body=1" for 127.0.0.1 at 2014-10-28 21:05:27 +0800


Started GET "/assets/jquery_ujs.js?body=1" for 127.0.0.1 at 2014-10-28 21:05:27 +0800


Started GET "/assets/application.css?body=1" for 127.0.0.1 at 2014-10-28 21:05:27 +0800


Started GET "/assets/welcome.css?body=1" for 127.0.0.1 at 2014-10-28 21:05:27 +0800


Started GET "/assets/bootstrap_and_overrides.css?body=1" for 127.0.0.1 at 2014-10-28 21:05:27 +0800


Started GET "/assets/twitter/bootstrap/transition.js?body=1" for 127.0.0.1 at 2014-10-28 21:05:27 +0800


Started GET "/assets/twitter/bootstrap/alert.js?body=1" for 127.0.0.1 at 2014-10-28 21:05:27 +0800


Started GET "/assets/twitter/bootstrap/dropdown.js?body=1" for 127.0.0.1 at 2014-10-28 21:05:27 +0800


Started GET "/assets/twitter/bootstrap/modal.js?body=1" for 127.0.0.1 at 2014-10-28 21:05:27 +0800


Started GET "/assets/twitter/bootstrap/scrollspy.js?body=1" for 127.0.0.1 at 2014-10-28 21:05:27 +0800


Started GET "/assets/twitter/bootstrap/tab.js?body=1" for 127.0.0.1 at 2014-10-28 21:05:27 +0800


Started GET "/assets/twitter/bootstrap/tooltip.js?body=1" for 127.0.0.1 at 2014-10-28 21:05:27 +0800


Started GET "/assets/twitter/bootstrap/popover.js?body=1" for 127.0.0.1 at 2014-10-28 21:05:27 +0800


Started GET "/assets/twitter/bootstrap/button.js?body=1" for 127.0.0.1 at 2014-10-28 21:05:27 +0800


Started GET "/assets/twitter/bootstrap/collapse.js?body=1" for 127.0.0.1 at 2014-10-28 21:05:27 +0800


Started GET "/assets/twitter/bootstrap/carousel.js?body=1" for 127.0.0.1 at 2014-10-28 21:05:27 +0800


Started GET "/assets/twitter/bootstrap/affix.js?body=1" for 127.0.0.1 at 2014-10-28 21:05:27 +0800


Started GET "/assets/twitter/bootstrap.js?body=1" for 127.0.0.1 at 2014-10-28 21:05:28 +0800


Started GET "/assets/turbolinks.js?body=1" for 127.0.0.1 at 2014-10-28 21:05:28 +0800


Started GET "/assets/bootstrap.js?body=1" for 127.0.0.1 at 2014-10-28 21:05:28 +0800


Started GET "/assets/welcome.js?body=1" for 127.0.0.1 at 2014-10-28 21:05:28 +0800


Started GET "/assets/application.js?body=1" for 127.0.0.1 at 2014-10-28 21:05:28 +0800


Started GET "/" for 127.0.0.1 at 2014-10-28 21:07:16 +0800
Processing by WelcomeController#index as HTML
  Rendered welcome/index.html.erb within layouts/application (0.1ms)
Completed 200 OK in 230ms (Views: 229.7ms | ActiveRecord: 0.0ms)


Started GET "/assets/twitter-bootstrap-static/bootstrap.css?body=1" for 127.0.0.1 at 2014-10-28 21:07:17 +0800


Started GET "/assets/welcome.css?body=1" for 127.0.0.1 at 2014-10-28 21:07:17 +0800


Started GET "/assets/application.css?body=1" for 127.0.0.1 at 2014-10-28 21:07:17 +0800


Started GET "/assets/jquery.js?body=1" for 127.0.0.1 at 2014-10-28 21:07:17 +0800


Started GET "/assets/twitter-bootstrap-static/fontawesome.css?body=1" for 127.0.0.1 at 2014-10-28 21:07:17 +0800


Started GET "/assets/bootstrap_and_overrides.css?body=1" for 127.0.0.1 at 2014-10-28 21:07:17 +0800


Started GET "/assets/jquery_ujs.js?body=1" for 127.0.0.1 at 2014-10-28 21:07:17 +0800


Started GET "/assets/twitter/bootstrap/alert.js?body=1" for 127.0.0.1 at 2014-10-28 21:07:17 +0800


Started GET "/assets/twitter/bootstrap/transition.js?body=1" for 127.0.0.1 at 2014-10-28 21:07:17 +0800


Started GET "/assets/twitter/bootstrap/modal.js?body=1" for 127.0.0.1 at 2014-10-28 21:07:17 +0800


Started GET "/assets/twitter/bootstrap/dropdown.js?body=1" for 127.0.0.1 at 2014-10-28 21:07:17 +0800


Started GET "/assets/twitter/bootstrap/scrollspy.js?body=1" for 127.0.0.1 at 2014-10-28 21:07:17 +0800


Started GET "/assets/twitter/bootstrap/tab.js?body=1" for 127.0.0.1 at 2014-10-28 21:07:17 +0800


Started GET "/assets/twitter/bootstrap/tooltip.js?body=1" for 127.0.0.1 at 2014-10-28 21:07:17 +0800


Started GET "/assets/twitter/bootstrap/popover.js?body=1" for 127.0.0.1 at 2014-10-28 21:07:17 +0800


Started GET "/assets/twitter/bootstrap/button.js?body=1" for 127.0.0.1 at 2014-10-28 21:07:17 +0800


Started GET "/assets/twitter/bootstrap/carousel.js?body=1" for 127.0.0.1 at 2014-10-28 21:07:17 +0800


Started GET "/assets/twitter/bootstrap/affix.js?body=1" for 127.0.0.1 at 2014-10-28 21:07:17 +0800


Started GET "/assets/twitter/bootstrap/collapse.js?body=1" for 127.0.0.1 at 2014-10-28 21:07:17 +0800


Started GET "/assets/twitter/bootstrap.js?body=1" for 127.0.0.1 at 2014-10-28 21:07:17 +0800


Started GET "/assets/turbolinks.js?body=1" for 127.0.0.1 at 2014-10-28 21:07:17 +0800


Started GET "/assets/bootstrap.js?body=1" for 127.0.0.1 at 2014-10-28 21:07:17 +0800


Started GET "/assets/welcome.js?body=1" for 127.0.0.1 at 2014-10-28 21:07:17 +0800


Started GET "/assets/application.js?body=1" for 127.0.0.1 at 2014-10-28 21:07:17 +0800


Started GET "/" for 127.0.0.1 at 2014-10-28 21:07:51 +0800
Processing by WelcomeController#index as HTML
  Rendered welcome/index.html.erb within layouts/application (0.2ms)
Completed 200 OK in 198ms (Views: 196.5ms | ActiveRecord: 0.0ms)


Started GET "/assets/twitter-bootstrap-static/fontawesome.css?body=1" for 127.0.0.1 at 2014-10-28 21:07:51 +0800


Started GET "/assets/jquery.js?body=1" for 127.0.0.1 at 2014-10-28 21:07:51 +0800


Started GET "/assets/welcome.css?body=1" for 127.0.0.1 at 2014-10-28 21:07:51 +0800


Started GET "/assets/twitter-bootstrap-static/bootstrap.css?body=1" for 127.0.0.1 at 2014-10-28 21:07:51 +0800


Started GET "/assets/bootstrap_and_overrides.css?body=1" for 127.0.0.1 at 2014-10-28 21:07:51 +0800


Started GET "/assets/application.css?body=1" for 127.0.0.1 at 2014-10-28 21:07:51 +0800


Started GET "/assets/jquery_ujs.js?body=1" for 127.0.0.1 at 2014-10-28 21:07:51 +0800


Started GET "/assets/twitter/bootstrap/transition.js?body=1" for 127.0.0.1 at 2014-10-28 21:07:51 +0800


Started GET "/assets/twitter/bootstrap/modal.js?body=1" for 127.0.0.1 at 2014-10-28 21:07:51 +0800


Started GET "/assets/twitter/bootstrap/dropdown.js?body=1" for 127.0.0.1 at 2014-10-28 21:07:51 +0800


Started GET "/assets/twitter/bootstrap/scrollspy.js?body=1" for 127.0.0.1 at 2014-10-28 21:07:51 +0800


Started GET "/assets/twitter/bootstrap/tab.js?body=1" for 127.0.0.1 at 2014-10-28 21:07:51 +0800


Started GET "/assets/twitter/bootstrap/alert.js?body=1" for 127.0.0.1 at 2014-10-28 21:07:51 +0800


Started GET "/assets/twitter/bootstrap/tooltip.js?body=1" for 127.0.0.1 at 2014-10-28 21:07:51 +0800


Started GET "/assets/twitter/bootstrap/button.js?body=1" for 127.0.0.1 at 2014-10-28 21:07:51 +0800


Started GET "/assets/twitter/bootstrap/collapse.js?body=1" for 127.0.0.1 at 2014-10-28 21:07:51 +0800


Started GET "/assets/twitter/bootstrap/carousel.js?body=1" for 127.0.0.1 at 2014-10-28 21:07:51 +0800


Started GET "/assets/twitter/bootstrap/popover.js?body=1" for 127.0.0.1 at 2014-10-28 21:07:51 +0800


Started GET "/assets/twitter/bootstrap/affix.js?body=1" for 127.0.0.1 at 2014-10-28 21:07:51 +0800


Started GET "/assets/twitter/bootstrap.js?body=1" for 127.0.0.1 at 2014-10-28 21:07:51 +0800


Started GET "/assets/turbolinks.js?body=1" for 127.0.0.1 at 2014-10-28 21:07:51 +0800


Started GET "/assets/welcome.js?body=1" for 127.0.0.1 at 2014-10-28 21:07:51 +0800


Started GET "/assets/bootstrap.js?body=1" for 127.0.0.1 at 2014-10-28 21:07:51 +0800


Started GET "/assets/application.js?body=1" for 127.0.0.1 at 2014-10-28 21:07:51 +0800


Started GET "/" for 127.0.0.1 at 2014-10-28 21:11:16 +0800
Processing by WelcomeController#index as HTML
  Rendered welcome/index.html.erb within layouts/application (26.0ms)
Completed 200 OK in 235ms (Views: 233.9ms | ActiveRecord: 0.0ms)


Started GET "/assets/twitter-bootstrap-static/fontawesome.css?body=1" for 127.0.0.1 at 2014-10-28 21:11:17 +0800


Started GET "/assets/application.css?body=1" for 127.0.0.1 at 2014-10-28 21:11:17 +0800


Started GET "/assets/jquery.js?body=1" for 127.0.0.1 at 2014-10-28 21:11:17 +0800


Started GET "/assets/welcome.css?body=1" for 127.0.0.1 at 2014-10-28 21:11:17 +0800


Started GET "/assets/bootstrap_and_overrides.css?body=1" for 127.0.0.1 at 2014-10-28 21:11:17 +0800


Started GET "/assets/twitter-bootstrap-static/bootstrap.css?body=1" for 127.0.0.1 at 2014-10-28 21:11:17 +0800


Started GET "/assets/jquery_ujs.js?body=1" for 127.0.0.1 at 2014-10-28 21:11:17 +0800


Started GET "/assets/twitter/bootstrap/transition.js?body=1" for 127.0.0.1 at 2014-10-28 21:11:17 +0800


Started GET "/assets/twitter/bootstrap/alert.js?body=1" for 127.0.0.1 at 2014-10-28 21:11:17 +0800


Started GET "/assets/twitter/bootstrap/scrollspy.js?body=1" for 127.0.0.1 at 2014-10-28 21:11:17 +0800


Started GET "/assets/twitter/bootstrap/modal.js?body=1" for 127.0.0.1 at 2014-10-28 21:11:17 +0800


Started GET "/assets/twitter/bootstrap/dropdown.js?body=1" for 127.0.0.1 at 2014-10-28 21:11:17 +0800


Started GET "/assets/twitter/bootstrap/tooltip.js?body=1" for 127.0.0.1 at 2014-10-28 21:11:17 +0800


Started GET "/assets/twitter/bootstrap/tab.js?body=1" for 127.0.0.1 at 2014-10-28 21:11:17 +0800


Started GET "/assets/twitter/bootstrap/button.js?body=1" for 127.0.0.1 at 2014-10-28 21:11:17 +0800


Started GET "/assets/twitter/bootstrap/popover.js?body=1" for 127.0.0.1 at 2014-10-28 21:11:17 +0800


Started GET "/assets/twitter/bootstrap/collapse.js?body=1" for 127.0.0.1 at 2014-10-28 21:11:17 +0800


Started GET "/assets/twitter/bootstrap/affix.js?body=1" for 127.0.0.1 at 2014-10-28 21:11:17 +0800


Started GET "/assets/twitter/bootstrap/carousel.js?body=1" for 127.0.0.1 at 2014-10-28 21:11:17 +0800


Started GET "/assets/twitter/bootstrap.js?body=1" for 127.0.0.1 at 2014-10-28 21:11:17 +0800


Started GET "/assets/bootstrap.js?body=1" for 127.0.0.1 at 2014-10-28 21:11:17 +0800


Started GET "/assets/application.js?body=1" for 127.0.0.1 at 2014-10-28 21:11:17 +0800


Started GET "/assets/turbolinks.js?body=1" for 127.0.0.1 at 2014-10-28 21:11:17 +0800


Started GET "/assets/group-of-people-doing-aerobics.png" for 127.0.0.1 at 2014-10-28 21:11:17 +0800


Started GET "/assets/welcome.js?body=1" for 127.0.0.1 at 2014-10-28 21:11:17 +0800


Started GET "/assets/woman-with-her-personal-trainer.png" for 127.0.0.1 at 2014-10-28 21:11:17 +0800


Started GET "/assets/gym-people-in-a-yoga-class.png" for 127.0.0.1 at 2014-10-28 21:11:17 +0800


Started GET "/assets/man-lifting-weights.png" for 127.0.0.1 at 2014-10-28 21:11:17 +0800


Started GET "/" for 127.0.0.1 at 2014-10-28 21:44:32 +0800
Processing by WelcomeController#index as HTML
  Rendered welcome/index.html.erb within layouts/application (1.5ms)
Completed 200 OK in 234ms (Views: 232.5ms | ActiveRecord: 0.0ms)


Started GET "/assets/twitter-bootstrap-static/bootstrap.css?body=1" for 127.0.0.1 at 2014-10-28 21:44:32 +0800


Started GET "/assets/application.css?body=1" for 127.0.0.1 at 2014-10-28 21:44:32 +0800


Started GET "/assets/bootstrap_and_overrides.css?body=1" for 127.0.0.1 at 2014-10-28 21:44:32 +0800


Started GET "/assets/twitter-bootstrap-static/fontawesome.css?body=1" for 127.0.0.1 at 2014-10-28 21:44:32 +0800


Started GET "/assets/welcome.css?body=1" for 127.0.0.1 at 2014-10-28 21:44:32 +0800


Started GET "/assets/jquery.js?body=1" for 127.0.0.1 at 2014-10-28 21:44:32 +0800


Started GET "/assets/jquery_ujs.js?body=1" for 127.0.0.1 at 2014-10-28 21:44:32 +0800


Started GET "/assets/twitter/bootstrap/transition.js?body=1" for 127.0.0.1 at 2014-10-28 21:44:32 +0800


Started GET "/assets/twitter/bootstrap/alert.js?body=1" for 127.0.0.1 at 2014-10-28 21:44:33 +0800


Started GET "/assets/twitter/bootstrap/modal.js?body=1" for 127.0.0.1 at 2014-10-28 21:44:33 +0800


Started GET "/assets/twitter/bootstrap/dropdown.js?body=1" for 127.0.0.1 at 2014-10-28 21:44:33 +0800


Started GET "/assets/twitter/bootstrap/scrollspy.js?body=1" for 127.0.0.1 at 2014-10-28 21:44:33 +0800


Started GET "/assets/twitter/bootstrap/tab.js?body=1" for 127.0.0.1 at 2014-10-28 21:44:33 +0800


Started GET "/assets/twitter/bootstrap/popover.js?body=1" for 127.0.0.1 at 2014-10-28 21:44:33 +0800


Started GET "/assets/twitter/bootstrap/button.js?body=1" for 127.0.0.1 at 2014-10-28 21:44:33 +0800


Started GET "/assets/twitter/bootstrap/tooltip.js?body=1" for 127.0.0.1 at 2014-10-28 21:44:33 +0800


Started GET "/assets/twitter/bootstrap/collapse.js?body=1" for 127.0.0.1 at 2014-10-28 21:44:33 +0800


Started GET "/assets/twitter/bootstrap/affix.js?body=1" for 127.0.0.1 at 2014-10-28 21:44:33 +0800


Started GET "/assets/twitter/bootstrap/carousel.js?body=1" for 127.0.0.1 at 2014-10-28 21:44:33 +0800


Started GET "/assets/turbolinks.js?body=1" for 127.0.0.1 at 2014-10-28 21:44:33 +0800


Started GET "/assets/twitter/bootstrap.js?body=1" for 127.0.0.1 at 2014-10-28 21:44:33 +0800


Started GET "/assets/bootstrap.js?body=1" for 127.0.0.1 at 2014-10-28 21:44:33 +0800


Started GET "/assets/application.js?body=1" for 127.0.0.1 at 2014-10-28 21:44:33 +0800


Started GET "/assets/welcome.js?body=1" for 127.0.0.1 at 2014-10-28 21:44:33 +0800


Started GET "/assets/group-of-people-doing-aerobics.png" for 127.0.0.1 at 2014-10-28 21:44:33 +0800


Started GET "/assets/woman-with-her-personal-trainer.png" for 127.0.0.1 at 2014-10-28 21:44:33 +0800


Started GET "/assets/gym-people-in-a-yoga-class.png" for 127.0.0.1 at 2014-10-28 21:44:33 +0800


Started GET "/assets/man-lifting-weights.png" for 127.0.0.1 at 2014-10-28 21:44:33 +0800
